<?xml version="1.0" encoding="UTF-8"?>
<testng-results skipped="0" failed="0" total="3" passed="3">
  <reporter-output>
  </reporter-output>
  <suite name="SberbankSimpleTestSuite" duration-ms="35364" started-at="2017-08-30T04:42:06Z" finished-at="2017-08-30T04:42:42Z">
    <groups>
    </groups>
    <test name="MainPageTest" duration-ms="35364" started-at="2017-08-30T04:42:06Z" finished-at="2017-08-30T04:42:42Z">
      <class name="ru.sberbank.SberbankTest">
        <test-method status="PASS" signature="setUp()[pri:0, instance:ru.sberbank.SberbankTest@6de30571]" name="setUp" is-config="true" duration-ms="6326" started-at="2017-08-30T06:42:06Z" finished-at="2017-08-30T06:42:13Z">
          <reporter-output>
          </reporter-output>
        </test-method> <!-- setUp -->
        <test-method status="PASS" signature="gotoSberbankPageAndChangeLocationToMoscow()[pri:0, instance:ru.sberbank.SberbankTest@6de30571]" name="gotoSberbankPageAndChangeLocationToMoscow" duration-ms="11782" started-at="2017-08-30T06:42:13Z" finished-at="2017-08-30T06:42:25Z">
          <reporter-output>
          </reporter-output>
        </test-method> <!-- gotoSberbankPageAndChangeLocationToMoscow -->
        <test-method status="PASS" signature="gotoSberbankPageAndChangeLocationToNizhniyNovgorodRegion()[pri:0, instance:ru.sberbank.SberbankTest@6de30571]" name="gotoSberbankPageAndChangeLocationToNizhniyNovgorodRegion" duration-ms="12813" started-at="2017-08-30T06:42:25Z" finished-at="2017-08-30T06:42:37Z">
          <reporter-output>
          </reporter-output>
        </test-method> <!-- gotoSberbankPageAndChangeLocationToNizhniyNovgorodRegion -->
        <test-method status="PASS" signature="gotoSocialGroupsInFooterCheckSocialLinks()[pri:0, instance:ru.sberbank.SberbankTest@6de30571]" name="gotoSocialGroupsInFooterCheckSocialLinks" duration-ms="3958" started-at="2017-08-30T06:42:37Z" finished-at="2017-08-30T06:42:41Z">
          <reporter-output>
          </reporter-output>
        </test-method> <!-- gotoSocialGroupsInFooterCheckSocialLinks -->
        <test-method status="PASS" signature="tearDown()[pri:0, instance:ru.sberbank.SberbankTest@6de30571]" name="tearDown" is-config="true" duration-ms="434" started-at="2017-08-30T06:42:41Z" finished-at="2017-08-30T06:42:42Z">
          <reporter-output>
          </reporter-output>
        </test-method> <!-- tearDown -->
      </class> <!-- ru.sberbank.SberbankTest -->
    </test> <!-- MainPageTest -->
  </suite> <!-- SberbankSimpleTestSuite -->
</testng-results>
