<?xml version="1.0" encoding="UTF-8"?>
<!-- Generated by org.testng.reporters.JUnitXMLReporter -->
<testsuite hostname="Evil_pc" name="MainPageTest" tests="3" failures="0" timestamp="30 Aug 2017 04:42:42 GMT" time="35.364" errors="0">
  <testcase name="gotoSberbankPageAndChangeLocationToMoscow" time="11.782" classname="ru.sberbank.SberbankTest"/>
  <testcase name="gotoSberbankPageAndChangeLocationToNizhniyNovgorodRegion" time="12.813" classname="ru.sberbank.SberbankTest"/>
  <testcase name="gotoSocialGroupsInFooterCheckSocialLinks" time="3.958" classname="ru.sberbank.SberbankTest"/>
</testsuite> <!-- MainPageTest -->
