<?xml version="1.0" encoding="UTF-8"?>
<testng-results skipped="0" failed="0" total="3" passed="3">
  <reporter-output>
  </reporter-output>
  <suite name="ru.sberbank.SberbankTest" duration-ms="36719" started-at="2017-08-30T04:33:26Z" finished-at="2017-08-30T04:34:03Z">
    <groups>
    </groups>
    <test name="Command line test" duration-ms="36719" started-at="2017-08-30T04:33:26Z" finished-at="2017-08-30T04:34:03Z">
      <class name="ru.sberbank.SberbankTest">
        <test-method status="PASS" signature="setUp()[pri:0, instance:ru.sberbank.SberbankTest@5965844d]" name="setUp" is-config="true" duration-ms="5946" started-at="2017-08-30T06:33:26Z" finished-at="2017-08-30T06:33:32Z">
          <reporter-output>
          </reporter-output>
        </test-method> <!-- setUp -->
        <test-method status="PASS" signature="gotoSberbankPageAndChangeLocationToMoscow()[pri:0, instance:ru.sberbank.SberbankTest@5965844d]" name="gotoSberbankPageAndChangeLocationToMoscow" duration-ms="12196" started-at="2017-08-30T06:33:32Z" finished-at="2017-08-30T06:33:45Z">
          <reporter-output>
          </reporter-output>
        </test-method> <!-- gotoSberbankPageAndChangeLocationToMoscow -->
        <test-method status="PASS" signature="gotoSberbankPageAndChangeLocationToNizhniyNovgorodRegion()[pri:0, instance:ru.sberbank.SberbankTest@5965844d]" name="gotoSberbankPageAndChangeLocationToNizhniyNovgorodRegion" duration-ms="13307" started-at="2017-08-30T06:33:45Z" finished-at="2017-08-30T06:33:58Z">
          <reporter-output>
          </reporter-output>
        </test-method> <!-- gotoSberbankPageAndChangeLocationToNizhniyNovgorodRegion -->
        <test-method status="PASS" signature="gotoSocialGroupsInFooterCheckSocialLinks()[pri:0, instance:ru.sberbank.SberbankTest@5965844d]" name="gotoSocialGroupsInFooterCheckSocialLinks" duration-ms="4773" started-at="2017-08-30T06:33:58Z" finished-at="2017-08-30T06:34:03Z">
          <reporter-output>
          </reporter-output>
        </test-method> <!-- gotoSocialGroupsInFooterCheckSocialLinks -->
        <test-method status="PASS" signature="tearDown()[pri:0, instance:ru.sberbank.SberbankTest@5965844d]" name="tearDown" is-config="true" duration-ms="452" started-at="2017-08-30T06:34:03Z" finished-at="2017-08-30T06:34:03Z">
          <reporter-output>
          </reporter-output>
        </test-method> <!-- tearDown -->
      </class> <!-- ru.sberbank.SberbankTest -->
    </test> <!-- Command line test -->
  </suite> <!-- ru.sberbank.SberbankTest -->
</testng-results>
