<?xml version="1.0" encoding="UTF-8"?>
<testng-results skipped="0" failed="0" total="8" passed="8">
  <reporter-output>
  </reporter-output>
  <suite name="ru.sberbank.SberbankTest" duration-ms="73825" started-at="2017-08-29T01:42:17Z" finished-at="2017-08-29T01:43:31Z">
    <groups>
    </groups>
    <test name="Command line test" duration-ms="73825" started-at="2017-08-29T01:42:17Z" finished-at="2017-08-29T01:43:31Z">
      <class name="ru.sberbank.SberbankTest">
        <test-method status="PASS" signature="setUp()[pri:0, instance:ru.sberbank.SberbankTest@f14e5bf]" name="setUp" is-config="true" duration-ms="6398" started-at="2017-08-29T03:42:17Z" finished-at="2017-08-29T03:42:24Z">
          <reporter-output>
          </reporter-output>
        </test-method> <!-- setUp -->
        <test-method status="PASS" signature="gotoSberbankPageAndChangeLocationToMoscow()[pri:0, instance:ru.sberbank.SberbankTest@f14e5bf]" name="gotoSberbankPageAndChangeLocationToMoscow" duration-ms="12732" started-at="2017-08-29T03:42:24Z" finished-at="2017-08-29T03:42:36Z">
          <reporter-output>
          </reporter-output>
        </test-method> <!-- gotoSberbankPageAndChangeLocationToMoscow -->
        <test-method status="PASS" signature="gotoSberbankPageAndChangeLocationToNizhniyNovgorodRegion()[pri:0, instance:ru.sberbank.SberbankTest@f14e5bf]" name="gotoSberbankPageAndChangeLocationToNizhniyNovgorodRegion" duration-ms="11695" started-at="2017-08-29T03:42:36Z" finished-at="2017-08-29T03:42:48Z">
          <reporter-output>
          </reporter-output>
        </test-method> <!-- gotoSberbankPageAndChangeLocationToNizhniyNovgorodRegion -->
        <test-method status="PASS" signature="gotoSocialGroupsInFooterCheckLinkToFacebook()[pri:0, instance:ru.sberbank.SberbankTest@f14e5bf]" name="gotoSocialGroupsInFooterCheckLinkToFacebook" duration-ms="7293" started-at="2017-08-29T03:42:48Z" finished-at="2017-08-29T03:42:55Z">
          <reporter-output>
          </reporter-output>
        </test-method> <!-- gotoSocialGroupsInFooterCheckLinkToFacebook -->
        <test-method status="PASS" signature="gotoSocialGroupsInFooterCheckLinkToInstagram()[pri:0, instance:ru.sberbank.SberbankTest@f14e5bf]" name="gotoSocialGroupsInFooterCheckLinkToInstagram" duration-ms="5870" started-at="2017-08-29T03:42:55Z" finished-at="2017-08-29T03:43:01Z">
          <reporter-output>
          </reporter-output>
        </test-method> <!-- gotoSocialGroupsInFooterCheckLinkToInstagram -->
        <test-method status="PASS" signature="gotoSocialGroupsInFooterCheckLinkToOK()[pri:0, instance:ru.sberbank.SberbankTest@f14e5bf]" name="gotoSocialGroupsInFooterCheckLinkToOK" duration-ms="7501" started-at="2017-08-29T03:43:01Z" finished-at="2017-08-29T03:43:09Z">
          <reporter-output>
          </reporter-output>
        </test-method> <!-- gotoSocialGroupsInFooterCheckLinkToOK -->
        <test-method status="PASS" signature="gotoSocialGroupsInFooterCheckLinkToTwitter()[pri:0, instance:ru.sberbank.SberbankTest@f14e5bf]" name="gotoSocialGroupsInFooterCheckLinkToTwitter" duration-ms="6403" started-at="2017-08-29T03:43:09Z" finished-at="2017-08-29T03:43:15Z">
          <reporter-output>
          </reporter-output>
        </test-method> <!-- gotoSocialGroupsInFooterCheckLinkToTwitter -->
        <test-method status="PASS" signature="gotoSocialGroupsInFooterCheckLinkToVK()[pri:0, instance:ru.sberbank.SberbankTest@f14e5bf]" name="gotoSocialGroupsInFooterCheckLinkToVK" duration-ms="6875" started-at="2017-08-29T03:43:15Z" finished-at="2017-08-29T03:43:22Z">
          <reporter-output>
          </reporter-output>
        </test-method> <!-- gotoSocialGroupsInFooterCheckLinkToVK -->
        <test-method status="PASS" signature="gotoSocialGroupsInFooterCheckLinkToYouTube()[pri:0, instance:ru.sberbank.SberbankTest@f14e5bf]" name="gotoSocialGroupsInFooterCheckLinkToYouTube" duration-ms="7538" started-at="2017-08-29T03:43:22Z" finished-at="2017-08-29T03:43:30Z">
          <reporter-output>
          </reporter-output>
        </test-method> <!-- gotoSocialGroupsInFooterCheckLinkToYouTube -->
        <test-method status="PASS" signature="tearDown()[pri:0, instance:ru.sberbank.SberbankTest@f14e5bf]" name="tearDown" is-config="true" duration-ms="1468" started-at="2017-08-29T03:43:30Z" finished-at="2017-08-29T03:43:31Z">
          <reporter-output>
          </reporter-output>
        </test-method> <!-- tearDown -->
      </class> <!-- ru.sberbank.SberbankTest -->
    </test> <!-- Command line test -->
  </suite> <!-- ru.sberbank.SberbankTest -->
</testng-results>
