<?xml version="1.0" encoding="UTF-8"?>
<!-- Generated by org.testng.reporters.JUnitXMLReporter -->
<testsuite hostname="Evil_pc" name="Command line test" tests="3" failures="0" timestamp="30 Aug 2017 04:34:03 GMT" time="36.719" errors="0">
  <testcase name="gotoSberbankPageAndChangeLocationToMoscow" time="12.196" classname="ru.sberbank.SberbankTest"/>
  <testcase name="gotoSberbankPageAndChangeLocationToNizhniyNovgorodRegion" time="13.307" classname="ru.sberbank.SberbankTest"/>
  <testcase name="gotoSocialGroupsInFooterCheckSocialLinks" time="4.773" classname="ru.sberbank.SberbankTest"/>
</testsuite> <!-- Command line test -->
